# JRE version: Java(TM) SE Runtime Environment (8.0_121-b13) (build 1.8.0_121-b13)
# Java VM: Java HotSpot(TM) 64-Bit Server VM (25.121-b13 mixed mode windows-amd64 compressed oops)
Heap:
 PSYoungGen      total 141312K, used 87122K [0x00000000d5580000, 0x00000000de880000, 0x0000000100000000)
  eden space 133120K, 59% used [0x00000000d5580000,0x00000000da298740,0x00000000dd780000)
  from space 8192K, 99% used [0x00000000de080000,0x00000000de87c290,0x00000000de880000)
  to   space 8704K, 0% used [0x00000000dd780000,0x00000000dd780000,0x00000000de000000)
 ParOldGen       total 78848K, used 29527K [0x0000000080000000, 0x0000000084d00000, 0x00000000d5580000)
  object space 78848K, 37% used [0x0000000080000000,0x0000000081cd5d70,0x0000000084d00000)
 Metaspace       used 47278K, capacity 49299K, committed 49608K, reserved 1091584K
  class space    used 6481K, capacity 6888K, committed 6912K, reserved 1048576K
GC Heap History (10 events):
Event: 5.351 GC heap before
{Heap before GC invocations=8 (full 1):
 PSYoungGen      total 141312K, used 133120K [0x00000000d5580000, 0x00000000de880000, 0x0000000100000000)
  eden space 133120K, 100% used [0x00000000d5580000,0x00000000dd780000,0x00000000dd780000)
  from space 8192K, 0% used [0x00000000de080000,0x00000000de080000,0x00000000de880000)
  to   space 8704K, 0% used [0x00000000dd780000,0x00000000dd780000,0x00000000de000000)
 ParOldGen       total 46080K, used 5729K [0x0000000080000000, 0x0000000082d00000, 0x00000000d5580000)
  object space 46080K, 12% used [0x0000000080000000,0x00000000805985e8,0x0000000082d00000)
 Metaspace       used 27939K, capacity 29017K, committed 29256K, reserved 1075200K
  class space    used 3849K, capacity 4110K, committed 4224K, reserved 1048576K
Event: 5.375 GC heap after
Heap after GC invocations=8 (full 1):
 PSYoungGen      total 141824K, used 8688K [0x00000000d5580000, 0x00000000de880000, 0x0000000100000000)
  eden space 133120K, 0% used [0x00000000d5580000,0x00000000d5580000,0x00000000dd780000)
  from space 8704K, 99% used [0x00000000dd780000,0x00000000ddffc348,0x00000000de000000)
  to   space 8192K, 0% used [0x00000000de080000,0x00000000de080000,0x00000000de880000)
 ParOldGen       total 46080K, used 9591K [0x0000000080000000, 0x0000000082d00000, 0x00000000d5580000)
  object space 46080K, 20% used [0x0000000080000000,0x000000008095df60,0x0000000082d00000)
 Metaspace       used 27939K, capacity 29017K, committed 29256K, reserved 1075200K
  class space    used 3849K, capacity 4110K, committed 4224K, reserved 1048576K
}
Event: 7.104 GC heap before
{Heap before GC invocations=9 (full 1):
 PSYoungGen      total 141824K, used 141808K [0x00000000d5580000, 0x00000000de880000, 0x0000000100000000)
  eden space 133120K, 100% used [0x00000000d5580000,0x00000000dd780000,0x00000000dd780000)
  from space 8704K, 99% used [0x00000000dd780000,0x00000000ddffc348,0x00000000de000000)
  to   space 8192K, 0% used [0x00000000de080000,0x00000000de080000,0x00000000de880000)
 ParOldGen       total 46080K, used 9591K [0x0000000080000000, 0x0000000082d00000, 0x00000000d5580000)
  object space 46080K, 20% used [0x0000000080000000,0x000000008095df60,0x0000000082d00000)
 Metaspace       used 34864K, capacity 36285K, committed 36552K, reserved 1081344K
  class space    used 4735K, capacity 5018K, committed 5120K, reserved 1048576K
Event: 7.135 GC heap after
Heap after GC invocations=9 (full 1):
 PSYoungGen      total 141312K, used 8189K [0x00000000d5580000, 0x00000000de880000, 0x0000000100000000)
  eden space 133120K, 0% used [0x00000000d5580000,0x00000000d5580000,0x00000000dd780000)
  from space 8192K, 99% used [0x00000000de080000,0x00000000de87f638,0x00000000de880000)
  to   space 8704K, 0% used [0x00000000dd780000,0x00000000dd780000,0x00000000de000000)
 ParOldGen       total 46080K, used 23371K [0x0000000080000000, 0x0000000082d00000, 0x00000000d5580000)
  object space 46080K, 50% used [0x0000000080000000,0x00000000816d2d98,0x0000000082d00000)
 Metaspace       used 34864K, capacity 36285K, committed 36552K, reserved 1081344K
  class space    used 4735K, capacity 5018K, committed 5120K, reserved 1048576K
}
Event: 7.229 GC heap before
{Heap before GC invocations=10 (full 1):
 PSYoungGen      total 141312K, used 21823K [0x00000000d5580000, 0x00000000de880000, 0x0000000100000000)
  eden space 133120K, 10% used [0x00000000d5580000,0x00000000d62d05e0,0x00000000dd780000)
  from space 8192K, 99% used [0x00000000de080000,0x00000000de87f638,0x00000000de880000)
  to   space 8704K, 0% used [0x00000000dd780000,0x00000000dd780000,0x00000000de000000)
 ParOldGen       total 46080K, used 23371K [0x0000000080000000, 0x0000000082d00000, 0x00000000d5580000)
  object space 46080K, 50% used [0x0000000080000000,0x00000000816d2d98,0x0000000082d00000)
 Metaspace       used 35013K, capacity 36457K, committed 36552K, reserved 1081344K
  class space    used 4754K, capacity 5052K, committed 5120K, reserved 1048576K
Event: 7.243 GC heap after
Heap after GC invocations=10 (full 1):
 PSYoungGen      total 141824K, used 8641K [0x00000000d5580000, 0x00000000de880000, 0x0000000100000000)
  eden space 133120K, 0% used [0x00000000d5580000,0x00000000d5580000,0x00000000dd780000)
  from space 8704K, 99% used [0x00000000dd780000,0x00000000ddff0658,0x00000000de000000)
  to   space 8192K, 0% used [0x00000000de080000,0x00000000de080000,0x00000000de880000)
 ParOldGen       total 46080K, used 23379K [0x0000000080000000, 0x0000000082d00000, 0x00000000d5580000)
  object space 46080K, 50% used [0x0000000080000000,0x00000000816d4d98,0x0000000082d00000)
 Metaspace       used 35013K, capacity 36457K, committed 36552K, reserved 1081344K
  class space    used 4754K, capacity 5052K, committed 5120K, reserved 1048576K
}
Event: 7.243 GC heap before
{Heap before GC invocations=11 (full 2):
 PSYoungGen      total 141824K, used 8641K [0x00000000d5580000, 0x00000000de880000, 0x0000000100000000)
  eden space 133120K, 0% used [0x00000000d5580000,0x00000000d5580000,0x00000000dd780000)
  from space 8704K, 99% used [0x00000000dd780000,0x00000000ddff0658,0x00000000de000000)
  to   space 8192K, 0% used [0x00000000de080000,0x00000000de080000,0x00000000de880000)
 ParOldGen       total 46080K, used 23379K [0x0000000080000000, 0x0000000082d00000, 0x00000000d5580000)
  object space 46080K, 50% used [0x0000000080000000,0x00000000816d4d98,0x0000000082d00000)
 Metaspace       used 35013K, capacity 36457K, committed 36552K, reserved 1081344K
  class space    used 4754K, capacity 5052K, committed 5120K, reserved 1048576K
Event: 7.346 GC heap after
Heap after GC invocations=11 (full 2):
 PSYoungGen      total 141824K, used 0K [0x00000000d5580000, 0x00000000de880000, 0x0000000100000000)
  eden space 133120K, 0% used [0x00000000d5580000,0x00000000d5580000,0x00000000dd780000)
  from space 8704K, 0% used [0x00000000dd780000,0x00000000dd780000,0x00000000de000000)
  to   space 8192K, 0% used [0x00000000de080000,0x00000000de080000,0x00000000de880000)
 ParOldGen       total 78848K, used 27019K [0x0000000080000000, 0x0000000084d00000, 0x00000000d5580000)
  object space 78848K, 34% used [0x0000000080000000,0x0000000081a62f98,0x0000000084d00000)
 Metaspace       used 35013K, capacity 36457K, committed 36552K, reserved 1081344K
  class space    used 4754K, capacity 5052K, committed 5120K, reserved 1048576K
}
Event: 9.109 GC heap before
{Heap before GC invocations=12 (full 2):
 PSYoungGen      total 141824K, used 133120K [0x00000000d5580000, 0x00000000de880000, 0x0000000100000000)
  eden space 133120K, 100% used [0x00000000d5580000,0x00000000dd780000,0x00000000dd780000)
  from space 8704K, 0% used [0x00000000dd780000,0x00000000dd780000,0x00000000de000000)
  to   space 8192K, 0% used [0x00000000de080000,0x00000000de080000,0x00000000de880000)
 ParOldGen       total 78848K, used 27019K [0x0000000080000000, 0x0000000084d00000, 0x00000000d5580000)
  object space 78848K, 34% used [0x0000000080000000,0x0000000081a62f98,0x0000000084d00000)
 Metaspace       used 40974K, capacity 42891K, committed 43080K, reserved 1087488K
  class space    used 5591K, capacity 5950K, committed 6016K, reserved 1048576K
Event: 9.124 GC heap after
Heap after GC invocations=12 (full 2):
 PSYoungGen      total 141312K, used 8176K [0x00000000d5580000, 0x00000000de880000, 0x0000000100000000)
  eden space 133120K, 0% used [0x00000000d5580000,0x00000000d5580000,0x00000000dd780000)
  from space 8192K, 99% used [0x00000000de080000,0x00000000de87c290,0x00000000de880000)
  to   space 8704K, 0% used [0x00000000dd780000,0x00000000dd780000,0x00000000de000000)
 ParOldGen       total 78848K, used 29527K [0x0000000080000000, 0x0000000084d00000, 0x00000000d5580000)
  object space 78848K, 37% used [0x0000000080000000,0x0000000081cd5d70,0x0000000084d00000)
 Metaspace       used 40974K, capacity 42891K, committed 43080K, reserved 1087488K
  class space    used 5591K, capacity 5950K, committed 6016K, reserved 1048576K
}

