# JRE version: Java(TM) SE Runtime Environment (8.0_121-b13) (build 1.8.0_121-b13)
# Java VM: Java HotSpot(TM) 64-Bit Server VM (25.121-b13 mixed mode windows-amd64 compressed oops)
Heap:
 PSYoungGen      total 191488K, used 86893K [0x00000000d5580000, 0x00000000e2780000, 0x0000000100000000)
  eden space 183808K, 47% used [0x00000000d5580000,0x00000000daa5b630,0x00000000e0900000)
  from space 7680K, 0% used [0x00000000e2000000,0x00000000e2000000,0x00000000e2780000)
  to   space 14336K, 0% used [0x00000000e0b80000,0x00000000e0b80000,0x00000000e1980000)
 ParOldGen       total 83968K, used 24593K [0x0000000080000000, 0x0000000085200000, 0x00000000d5580000)
  object space 83968K, 29% used [0x0000000080000000,0x00000000818046d0,0x0000000085200000)
 Metaspace       used 39912K, capacity 41768K, committed 41984K, reserved 1089536K
  class space    used 5432K, capacity 5801K, committed 5888K, reserved 1048576K
GC Heap History (10 events):
Event: 5.031 GC heap before
{Heap before GC invocations=7 (full 1):
 PSYoungGen      total 71680K, used 71654K [0x00000000d5580000, 0x00000000dd880000, 0x0000000100000000)
  eden space 66560K, 100% used [0x00000000d5580000,0x00000000d9680000,0x00000000d9680000)
  from space 5120K, 99% used [0x00000000d9680000,0x00000000d9b79ab0,0x00000000d9b80000)
  to   space 9216K, 0% used [0x00000000dcf80000,0x00000000dcf80000,0x00000000dd880000)
 ParOldGen       total 50688K, used 7670K [0x0000000080000000, 0x0000000083180000, 0x00000000d5580000)
  object space 50688K, 15% used [0x0000000080000000,0x000000008077d988,0x0000000083180000)
 Metaspace       used 27685K, capacity 28726K, committed 28928K, reserved 1075200K
  class space    used 3819K, capacity 4076K, committed 4096K, reserved 1048576K
Event: 5.047 GC heap after
Heap after GC invocations=7 (full 1):
 PSYoungGen      total 123392K, used 9105K [0x00000000d5580000, 0x00000000dd900000, 0x0000000100000000)
  eden space 114176K, 0% used [0x00000000d5580000,0x00000000d5580000,0x00000000dc500000)
  from space 9216K, 98% used [0x00000000dcf80000,0x00000000dd8644c0,0x00000000dd880000)
  to   space 10240K, 0% used [0x00000000dc500000,0x00000000dc500000,0x00000000dcf00000)
 ParOldGen       total 50688K, used 7678K [0x0000000080000000, 0x0000000083180000, 0x00000000d5580000)
  object space 50688K, 15% used [0x0000000080000000,0x000000008077f988,0x0000000083180000)
 Metaspace       used 27685K, capacity 28726K, committed 28928K, reserved 1075200K
  class space    used 3819K, capacity 4076K, committed 4096K, reserved 1048576K
}
Event: 6.182 GC heap before
{Heap before GC invocations=8 (full 1):
 PSYoungGen      total 123392K, used 104338K [0x00000000d5580000, 0x00000000dd900000, 0x0000000100000000)
  eden space 114176K, 83% used [0x00000000d5580000,0x00000000db2803e8,0x00000000dc500000)
  from space 9216K, 98% used [0x00000000dcf80000,0x00000000dd8644c0,0x00000000dd880000)
  to   space 10240K, 0% used [0x00000000dc500000,0x00000000dc500000,0x00000000dcf00000)
 ParOldGen       total 50688K, used 7678K [0x0000000080000000, 0x0000000083180000, 0x00000000d5580000)
  object space 50688K, 15% used [0x0000000080000000,0x000000008077f988,0x0000000083180000)
 Metaspace       used 33966K, capacity 35390K, committed 35416K, reserved 1079296K
  class space    used 4593K, capacity 4864K, committed 4864K, reserved 1048576K
Event: 6.206 GC heap after
Heap after GC invocations=8 (full 1):
 PSYoungGen      total 124416K, used 10229K [0x00000000d5580000, 0x00000000e2e80000, 0x0000000100000000)
  eden space 114176K, 0% used [0x00000000d5580000,0x00000000d5580000,0x00000000dc500000)
  from space 10240K, 99% used [0x00000000dc500000,0x00000000dcefd688,0x00000000dcf00000)
  to   space 14848K, 0% used [0x00000000e2000000,0x00000000e2000000,0x00000000e2e80000)
 ParOldGen       total 50688K, used 14725K [0x0000000080000000, 0x0000000083180000, 0x00000000d5580000)
  object space 50688K, 29% used [0x0000000080000000,0x0000000080e61600,0x0000000083180000)
 Metaspace       used 33966K, capacity 35390K, committed 35416K, reserved 1079296K
  class space    used 4593K, capacity 4864K, committed 4864K, reserved 1048576K
}
Event: 6.206 GC heap before
{Heap before GC invocations=9 (full 2):
 PSYoungGen      total 124416K, used 10229K [0x00000000d5580000, 0x00000000e2e80000, 0x0000000100000000)
  eden space 114176K, 0% used [0x00000000d5580000,0x00000000d5580000,0x00000000dc500000)
  from space 10240K, 99% used [0x00000000dc500000,0x00000000dcefd688,0x00000000dcf00000)
  to   space 14848K, 0% used [0x00000000e2000000,0x00000000e2000000,0x00000000e2e80000)
 ParOldGen       total 50688K, used 14725K [0x0000000080000000, 0x0000000083180000, 0x00000000d5580000)
  object space 50688K, 29% used [0x0000000080000000,0x0000000080e61600,0x0000000083180000)
 Metaspace       used 33966K, capacity 35390K, committed 35416K, reserved 1079296K
  class space    used 4593K, capacity 4864K, committed 4864K, reserved 1048576K
Event: 6.298 GC heap after
Heap after GC invocations=9 (full 2):
 PSYoungGen      total 124416K, used 0K [0x00000000d5580000, 0x00000000e2e80000, 0x0000000100000000)
  eden space 114176K, 0% used [0x00000000d5580000,0x00000000d5580000,0x00000000dc500000)
  from space 10240K, 0% used [0x00000000dc500000,0x00000000dc500000,0x00000000dcf00000)
  to   space 14848K, 0% used [0x00000000e2000000,0x00000000e2000000,0x00000000e2e80000)
 ParOldGen       total 83968K, used 21614K [0x0000000080000000, 0x0000000085200000, 0x00000000d5580000)
  object space 83968K, 25% used [0x0000000080000000,0x000000008151ba78,0x0000000085200000)
 Metaspace       used 33966K, capacity 35390K, committed 35416K, reserved 1079296K
  class space    used 4593K, capacity 4864K, committed 4864K, reserved 1048576K
}
Event: 7.166 GC heap before
{Heap before GC invocations=10 (full 2):
 PSYoungGen      total 124416K, used 76199K [0x00000000d5580000, 0x00000000e2e80000, 0x0000000100000000)
  eden space 114176K, 66% used [0x00000000d5580000,0x00000000d9fe9e40,0x00000000dc500000)
  from space 10240K, 0% used [0x00000000dc500000,0x00000000dc500000,0x00000000dcf00000)
  to   space 14848K, 0% used [0x00000000e2000000,0x00000000e2000000,0x00000000e2e80000)
 ParOldGen       total 83968K, used 21614K [0x0000000080000000, 0x0000000085200000, 0x00000000d5580000)
  object space 83968K, 25% used [0x0000000080000000,0x000000008151ba78,0x0000000085200000)
 Metaspace       used 36066K, capacity 37550K, committed 37760K, reserved 1087488K
  class space    used 4909K, capacity 5220K, committed 5248K, reserved 1048576K
Event: 7.183 GC heap after
Heap after GC invocations=10 (full 2):
 PSYoungGen      total 191488K, used 7362K [0x00000000d5580000, 0x00000000e2780000, 0x0000000100000000)
  eden space 183808K, 0% used [0x00000000d5580000,0x00000000d5580000,0x00000000e0900000)
  from space 7680K, 95% used [0x00000000e2000000,0x00000000e27309d0,0x00000000e2780000)
  to   space 14336K, 0% used [0x00000000e0b80000,0x00000000e0b80000,0x00000000e1980000)
 ParOldGen       total 83968K, used 21622K [0x0000000080000000, 0x0000000085200000, 0x00000000d5580000)
  object space 83968K, 25% used [0x0000000080000000,0x000000008151da78,0x0000000085200000)
 Metaspace       used 36066K, capacity 37550K, committed 37760K, reserved 1087488K
  class space    used 4909K, capacity 5220K, committed 5248K, reserved 1048576K
}
Event: 7.183 GC heap before
{Heap before GC invocations=11 (full 3):
 PSYoungGen      total 191488K, used 7362K [0x00000000d5580000, 0x00000000e2780000, 0x0000000100000000)
  eden space 183808K, 0% used [0x00000000d5580000,0x00000000d5580000,0x00000000e0900000)
  from space 7680K, 95% used [0x00000000e2000000,0x00000000e27309d0,0x00000000e2780000)
  to   space 14336K, 0% used [0x00000000e0b80000,0x00000000e0b80000,0x00000000e1980000)
 ParOldGen       total 83968K, used 21622K [0x0000000080000000, 0x0000000085200000, 0x00000000d5580000)
  object space 83968K, 25% used [0x0000000080000000,0x000000008151da78,0x0000000085200000)
 Metaspace       used 36066K, capacity 37550K, committed 37760K, reserved 1087488K
  class space    used 4909K, capacity 5220K, committed 5248K, reserved 1048576K
Event: 7.275 GC heap after
Heap after GC invocations=11 (full 3):
 PSYoungGen      total 191488K, used 0K [0x00000000d5580000, 0x00000000e2780000, 0x0000000100000000)
  eden space 183808K, 0% used [0x00000000d5580000,0x00000000d5580000,0x00000000e0900000)
  from space 7680K, 0% used [0x00000000e2000000,0x00000000e2000000,0x00000000e2780000)
  to   space 14336K, 0% used [0x00000000e0b80000,0x00000000e0b80000,0x00000000e1980000)
 ParOldGen       total 83968K, used 24593K [0x0000000080000000, 0x0000000085200000, 0x00000000d5580000)
  object space 83968K, 29% used [0x0000000080000000,0x00000000818046d0,0x0000000085200000)
 Metaspace       used 36066K, capacity 37550K, committed 37760K, reserved 1087488K
  class space    used 4909K, capacity 5220K, committed 5248K, reserved 1048576K
}

